<?xml version="1.0" encoding="UTF-8"?>
<!-- Generated by org.testng.reporters.JUnitReportReporter -->
<testsuite skipped="0" hostname="arpc" name="com.qa.automation.testsuites.WalletHubTest" tests="1" failures="0" timestamp="14 Oct 2018 08:10:19 GMT" time="34.210" errors="0">
  <testcase name="test_PostReviewOnWalletHub" time="34.210" classname="com.qa.automation.testsuites.WalletHubTest"/>
</testsuite> <!-- com.qa.automation.testsuites.WalletHubTest -->
