<?xml version="1.0" encoding="UTF-8"?>
<!-- Generated by org.testng.reporters.JUnitReportReporter -->
<testsuite skipped="0" hostname="arpc" name="com.qa.automation.testsuites.FaceBookTest" tests="1" failures="0" timestamp="14 Oct 2018 06:39:20 GMT" time="33.091" errors="0">
  <testcase name="test_PostStatusMessageOnFaceBook" time="33.091" classname="com.qa.automation.testsuites.FaceBookTest"/>
</testsuite> <!-- com.qa.automation.testsuites.FaceBookTest -->
